Using pre-set license
Built from '2020.3/staging' branch; Version is '2020.3.13f1 (71691879b7f5) revision 7432472'; Using compiler version '192528614'; Build Type 'Release'
OS: 'Windows 10 Pro Education; OS build 19042.1165; Version 2009; 64bit' Language: 'zh' Physical Memory: 8058 MB
BatchMode: 1, IsHumanControllingUs: 0, StartBugReporterOnCrash: 0, Is64bit: 1, IsPro: 0

 COMMAND LINE ARGUMENTS:
D:\unity\2020.3.13f1\Editor\Unity.exe
-adb2
-batchMode
-noUpm
-name
AssetImportWorker0
-projectPath
<<<<<<< HEAD
D:/ntut/project/Unity3DGame_Cherish/office
-logFile
Logs/AssetImportWorker0.log
-srvPort
62470
Successfully changed project path to: D:/ntut/project/Unity3DGame_Cherish/office
D:/ntut/project/Unity3DGame_Cherish/office
Using Asset Import Pipeline V2.
Refreshing native plugins compatible for Editor in 984.30 ms, found 3 plugins.
Preloading 0 native plugins for Editor in 0.00 ms.
Initialize engine version: 2020.3.13f1 (71691879b7f5)
[Subsystems] Discovering subsystems at path D:/Unity/Hub/Editor/2020.3.13f1/Editor/Data/Resources/UnitySubsystems
[Subsystems] Discovering subsystems at path D:/ntut/project/Unity3DGame_Cherish/office/Assets
=======
D:/NTUT/IndependentStudy/Unity3DGame_Cherish/office
-logFile
Logs/AssetImportWorker0.log
-srvPort
55437
Successfully changed project path to: D:/NTUT/IndependentStudy/Unity3DGame_Cherish/office
D:/NTUT/IndependentStudy/Unity3DGame_Cherish/office
Using Asset Import Pipeline V2.
Refreshing native plugins compatible for Editor in 275.51 ms, found 6 plugins.
Preloading 1 native plugins for Editor in 26.80 ms.
Initialize engine version: 2020.3.13f1 (71691879b7f5)
[Subsystems] Discovering subsystems at path D:/unity/2020.3.13f1/Editor/Data/Resources/UnitySubsystems
[Subsystems] Discovering subsystems at path D:/NTUT/IndependentStudy/Unity3DGame_Cherish/office/Assets
>>>>>>> c72ab651843b250c308666d88e906849fb0feb29
GfxDevice: creating device client; threaded=0
Direct3D:
    Version:  Direct3D 11.0 [level 11.0]
    Renderer: NVIDIA GeForce 940MX (ID=0x134d)
    Vendor:   
    VRAM:     2020 MB
    Driver:   23.21.13.8857
Shader 'Oculus/OVRMRCameraFrameLit': fallback shader 'Alpha-Diffuse' not found
Initialize mono
<<<<<<< HEAD
Mono path[0] = 'D:/Unity/Hub/Editor/2020.3.13f1/Editor/Data/Managed'
Mono path[1] = 'D:/Unity/Hub/Editor/2020.3.13f1/Editor/Data/MonoBleedingEdge/lib/mono/unityjit'
Mono config path = 'D:/Unity/Hub/Editor/2020.3.13f1/Editor/Data/MonoBleedingEdge/etc'
Using monoOptions --debugger-agent=transport=dt_socket,embedding=1,server=y,suspend=n,address=127.0.0.1:56376
=======
Mono path[0] = 'D:/unity/2020.3.13f1/Editor/Data/Managed'
Mono path[1] = 'D:/unity/2020.3.13f1/Editor/Data/MonoBleedingEdge/lib/mono/unityjit'
Mono config path = 'D:/unity/2020.3.13f1/Editor/Data/MonoBleedingEdge/etc'
<<<<<<< HEAD
Using monoOptions --debugger-agent=transport=dt_socket,embedding=1,server=y,suspend=n,address=127.0.0.1:56796
=======
Using monoOptions --debugger-agent=transport=dt_socket,embedding=1,server=y,suspend=n,address=127.0.0.1:56328
>>>>>>> c72ab651843b250c308666d88e906849fb0feb29
>>>>>>> c62668367478d4ebb364ae37ff294a3922ba6e66
Begin MonoManager ReloadAssembly
